<?xml version="1.0" encoding="UTF-8"?>
<testng-results ignored="0" total="0" passed="0" failed="0" skipped="0">
  <reporter-output>
  </reporter-output>
  <suite started-at="2024-04-17T21:57:40 CEST" name="utilities.TestData" finished-at="2024-04-17T21:57:40 CEST" duration-ms="6">
    <groups>
    </groups>
    <test started-at="2024-04-17T21:57:40 CEST" name="Command line test" finished-at="2024-04-17T21:57:40 CEST" duration-ms="6">
    </test> <!-- Command line test -->
  </suite> <!-- utilities.TestData -->
</testng-results>
